  GlobalVariables.cpp
  Main.cpp
C:\Users\min\source\repos\FPSOpenGL\FPSOpenGL\Main.cpp(34,33): warning C4305: '초기화 중': 'double'에서 'GLfloat'(으)로 잘립니다.
C:\Users\min\source\repos\FPSOpenGL\FPSOpenGL\Main.cpp(34,38): warning C4305: '초기화 중': 'double'에서 'GLfloat'(으)로 잘립니다.
C:\Users\min\source\repos\FPSOpenGL\FPSOpenGL\Main.cpp(34,43): warning C4305: '초기화 중': 'double'에서 'GLfloat'(으)로 잘립니다.
C:\Users\min\source\repos\FPSOpenGL\FPSOpenGL\Main.cpp(58,19): warning C4244: '초기화 중': 'int'에서 'float'(으)로 변환하면서 데이터가 손실될 수 있습니다.
C:\Users\min\source\repos\FPSOpenGL\FPSOpenGL\Main.cpp(59,19): warning C4244: '초기화 중': 'int'에서 'float'(으)로 변환하면서 데이터가 손실될 수 있습니다.
C:\Users\min\source\repos\FPSOpenGL\FPSOpenGL\Main.cpp(184,31): warning C4305: '인수': 'double'에서 'GLfloat'(으)로 잘립니다.
C:\Users\min\source\repos\FPSOpenGL\FPSOpenGL\Main.cpp(235,41): warning C4244: '인수': 'int'에서 'float'(으)로 변환하면서 데이터가 손실될 수 있습니다.
C:\Users\min\source\repos\FPSOpenGL\FPSOpenGL\Main.cpp(235,32): warning C4244: '인수': 'int'에서 'float'(으)로 변환하면서 데이터가 손실될 수 있습니다.
C:\Users\min\source\repos\FPSOpenGL\FPSOpenGL\Main.cpp(262,45): warning C4244: '인수': 'int'에서 'float'(으)로 변환하면서 데이터가 손실될 수 있습니다.
C:\Users\min\source\repos\FPSOpenGL\FPSOpenGL\Main.cpp(262,36): warning C4244: '인수': 'int'에서 'float'(으)로 변환하면서 데이터가 손실될 수 있습니다.
  RayCaster.cpp
C:\Users\min\source\repos\FPSOpenGL\FPSOpenGL\RayCaster.cpp(42,60): warning C4244: '인수': 'GLdouble'에서 'float'(으)로 변환하면서 데이터가 손실될 수 있습니다.
C:\Users\min\source\repos\FPSOpenGL\FPSOpenGL\RayCaster.cpp(42,42): warning C4244: '인수': 'GLdouble'에서 'float'(으)로 변환하면서 데이터가 손실될 수 있습니다.
C:\Users\min\source\repos\FPSOpenGL\FPSOpenGL\RayCaster.cpp(42,24): warning C4244: '인수': 'GLdouble'에서 'float'(으)로 변환하면서 데이터가 손실될 수 있습니다.
  코드를 생성하고 있습니다.
  5 of 123 functions ( 4.1%) were compiled, the rest were copied from previous compilation.
    1 functions were new in current compilation
    0 functions had inline decision re-evaluated but remain unchanged
  코드를 생성했습니다.
  FPSOpenGL.vcxproj -> C:\Users\min\source\repos\FPSOpenGL\x64\Release\FPSOpenGL.exe
  'pwsh.exe'은(는) 내부 또는 외부 명령, 실행할 수 있는 프로그램, 또는
  배치 파일이 아닙니다.
